0 info it worked if it ends with ok
1 verbose cli [ '/usr/local/bin/node',
1 verbose cli   '/usr/local/bin/npm',
1 verbose cli   'install',
1 verbose cli   'requestnode',
1 verbose cli   'liri.js',
1 verbose cli   'movie-this' ]
2 info using npm@2.15.8
3 info using node@v4.4.7
4 verbose install initial load of /Users/tylerfallon/Desktop/bootcamp/July/liri-node-app/package.json
5 verbose installManyTop reading scoped package data from /Users/tylerfallon/Desktop/bootcamp/July/liri-node-app/node_modules/request/package.json
6 verbose installManyTop reading scoped package data from /Users/tylerfallon/Desktop/bootcamp/July/liri-node-app/node_modules/twitter/package.json
7 verbose readDependencies loading dependencies from /Users/tylerfallon/Desktop/bootcamp/July/liri-node-app/package.json
8 silly cache add args [ 'requestnode', null ]
9 verbose cache add spec requestnode
10 silly cache add args [ 'liri.js', null ]
11 verbose cache add spec liri.js
12 silly cache add args [ 'movie-this', null ]
13 verbose cache add spec movie-this
14 silly cache add parsed spec Result {
14 silly cache add   raw: 'requestnode',
14 silly cache add   scope: null,
14 silly cache add   name: 'requestnode',
14 silly cache add   rawSpec: '',
14 silly cache add   spec: 'latest',
14 silly cache add   type: 'tag' }
15 silly addNamed requestnode@latest
16 verbose addNamed "latest" is being treated as a dist-tag for requestnode
17 info addNameTag [ 'requestnode', 'latest' ]
18 silly mapToRegistry name requestnode
19 silly mapToRegistry using default registry
20 silly mapToRegistry registry https://registry.npmjs.org/
21 silly mapToRegistry data Result {
21 silly mapToRegistry   raw: 'requestnode',
21 silly mapToRegistry   scope: null,
21 silly mapToRegistry   name: 'requestnode',
21 silly mapToRegistry   rawSpec: '',
21 silly mapToRegistry   spec: 'latest',
21 silly mapToRegistry   type: 'tag' }
22 silly mapToRegistry uri https://registry.npmjs.org/requestnode
23 verbose addNameTag registry:https://registry.npmjs.org/requestnode not in flight; fetching
24 silly cache add parsed spec Result {
24 silly cache add   raw: 'liri.js',
24 silly cache add   scope: null,
24 silly cache add   name: null,
24 silly cache add   rawSpec: 'liri.js',
24 silly cache add   spec: '/Users/tylerfallon/Desktop/bootcamp/July/liri-node-app/liri.js',
24 silly cache add   type: 'local' }
25 silly cache add parsed spec Result {
25 silly cache add   raw: 'movie-this',
25 silly cache add   scope: null,
25 silly cache add   name: 'movie-this',
25 silly cache add   rawSpec: '',
25 silly cache add   spec: 'latest',
25 silly cache add   type: 'tag' }
26 silly addNamed movie-this@latest
27 verbose addNamed "latest" is being treated as a dist-tag for movie-this
28 info addNameTag [ 'movie-this', 'latest' ]
29 silly mapToRegistry name movie-this
30 silly mapToRegistry using default registry
31 silly mapToRegistry registry https://registry.npmjs.org/
32 silly mapToRegistry data Result {
32 silly mapToRegistry   raw: 'movie-this',
32 silly mapToRegistry   scope: null,
32 silly mapToRegistry   name: 'movie-this',
32 silly mapToRegistry   rawSpec: '',
32 silly mapToRegistry   spec: 'latest',
32 silly mapToRegistry   type: 'tag' }
33 silly mapToRegistry uri https://registry.npmjs.org/movie-this
34 verbose addNameTag registry:https://registry.npmjs.org/movie-this not in flight; fetching
35 verbose request uri https://registry.npmjs.org/requestnode
36 verbose request no auth needed
37 info attempt registry request try #1 at 2:23:19 PM
38 verbose request id 2762b021730b87ee
39 http request GET https://registry.npmjs.org/requestnode
40 verbose request uri https://registry.npmjs.org/movie-this
41 verbose request no auth needed
42 info attempt registry request try #1 at 2:23:19 PM
43 http request GET https://registry.npmjs.org/movie-this
44 silly addLocalTarball shasum (computed) 8348dacabee83fa19ffae47b7d2f8d77de7d5bf1
45 verbose addTmpTarball /Users/tylerfallon/Desktop/bootcamp/July/liri-node-app/liri.js not in flight; adding
46 verbose correctMkdir /Users/tylerfallon/.npm correctMkdir not in flight; initializing
47 verbose addTmpTarball validating metadata from /Users/tylerfallon/Desktop/bootcamp/July/liri-node-app/liri.js
48 verbose tar unpack /Users/tylerfallon/Desktop/bootcamp/July/liri-node-app/liri.js
49 verbose tar unpacking to /var/folders/6d/99xtnvvj5bbcxybj631gwxgr0000gn/T/npm-7753-af51d27f/unpack-aa559648fcd6
50 silly gentlyRm /var/folders/6d/99xtnvvj5bbcxybj631gwxgr0000gn/T/npm-7753-af51d27f/unpack-aa559648fcd6 is being purged
51 verbose gentlyRm don't care about contents; nuking /var/folders/6d/99xtnvvj5bbcxybj631gwxgr0000gn/T/npm-7753-af51d27f/unpack-aa559648fcd6
52 silly gunzTarPerm modes [ '755', '644' ]
53 error not a package /Users/tylerfallon/Desktop/bootcamp/July/liri-node-app/liri.js
54 error addLocal Could not install /Users/tylerfallon/Desktop/bootcamp/July/liri-node-app/liri.js
55 http 404 https://registry.npmjs.org/movie-this
56 verbose headers { 'content-type': 'application/json',
56 verbose headers   'cache-control': 'max-age=0',
56 verbose headers   'content-length': '2',
56 verbose headers   'accept-ranges': 'bytes',
56 verbose headers   date: 'Sun, 10 Jul 2016 18:23:19 GMT',
56 verbose headers   via: '1.1 varnish',
56 verbose headers   age: '0',
56 verbose headers   connection: 'keep-alive',
56 verbose headers   'x-served-by': 'cache-iad2148-IAD',
56 verbose headers   'x-cache': 'MISS',
56 verbose headers   'x-cache-hits': '0',
56 verbose headers   'x-timer': 'S1468174999.396024,VS0,VE102',
56 verbose headers   vary: 'Accept-Encoding' }
57 silly get cb [ 404,
57 silly get   { 'content-type': 'application/json',
57 silly get     'cache-control': 'max-age=0',
57 silly get     'content-length': '2',
57 silly get     'accept-ranges': 'bytes',
57 silly get     date: 'Sun, 10 Jul 2016 18:23:19 GMT',
57 silly get     via: '1.1 varnish',
57 silly get     age: '0',
57 silly get     connection: 'keep-alive',
57 silly get     'x-served-by': 'cache-iad2148-IAD',
57 silly get     'x-cache': 'MISS',
57 silly get     'x-cache-hits': '0',
57 silly get     'x-timer': 'S1468174999.396024,VS0,VE102',
57 silly get     vary: 'Accept-Encoding' } ]
58 http 404 https://registry.npmjs.org/requestnode
59 verbose headers { 'content-type': 'application/json',
59 verbose headers   'cache-control': 'max-age=0',
59 verbose headers   'content-length': '2',
59 verbose headers   'accept-ranges': 'bytes',
59 verbose headers   date: 'Sun, 10 Jul 2016 18:23:19 GMT',
59 verbose headers   via: '1.1 varnish',
59 verbose headers   age: '0',
59 verbose headers   connection: 'keep-alive',
59 verbose headers   'x-served-by': 'cache-iad2123-IAD',
59 verbose headers   'x-cache': 'MISS',
59 verbose headers   'x-cache-hits': '0',
59 verbose headers   'x-timer': 'S1468174999.403077,VS0,VE105',
59 verbose headers   vary: 'Accept-Encoding' }
60 silly get cb [ 404,
60 silly get   { 'content-type': 'application/json',
60 silly get     'cache-control': 'max-age=0',
60 silly get     'content-length': '2',
60 silly get     'accept-ranges': 'bytes',
60 silly get     date: 'Sun, 10 Jul 2016 18:23:19 GMT',
60 silly get     via: '1.1 varnish',
60 silly get     age: '0',
60 silly get     connection: 'keep-alive',
60 silly get     'x-served-by': 'cache-iad2123-IAD',
60 silly get     'x-cache': 'MISS',
60 silly get     'x-cache-hits': '0',
60 silly get     'x-timer': 'S1468174999.403077,VS0,VE105',
60 silly get     vary: 'Accept-Encoding' } ]
61 verbose stack Error: ENOENT: no such file or directory, open '/var/folders/6d/99xtnvvj5bbcxybj631gwxgr0000gn/T/npm-7753-af51d27f/unpack-aa559648fcd6/package.json'
61 verbose stack     at Error (native)
62 verbose cwd /Users/tylerfallon/Desktop/bootcamp/July/liri-node-app
63 error Darwin 15.4.0
64 error argv "/usr/local/bin/node" "/usr/local/bin/npm" "install" "requestnode" "liri.js" "movie-this"
65 error node v4.4.7
66 error npm  v2.15.8
67 error path /var/folders/6d/99xtnvvj5bbcxybj631gwxgr0000gn/T/npm-7753-af51d27f/unpack-aa559648fcd6/package.json
68 error code ENOENT
69 error errno -2
70 error syscall open
71 error enoent ENOENT: no such file or directory, open '/var/folders/6d/99xtnvvj5bbcxybj631gwxgr0000gn/T/npm-7753-af51d27f/unpack-aa559648fcd6/package.json'
71 error enoent This is most likely not a problem with npm itself
71 error enoent and is related to npm not being able to find a file.
72 verbose exit [ -2, true ]
